2025-02-23 21:20:06 - INFO: Чтение файла прошло успешно
2025-02-23 21:20:08 - INFO: Using categorical units to plot a list of strings that are all parsable as floats or dates. If these strings should be plotted as numbers, cast to the appropriate data type before plotting.
2025-02-23 21:20:08 - INFO: Using categorical units to plot a list of strings that are all parsable as floats or dates. If these strings should be plotted as numbers, cast to the appropriate data type before plotting.
2025-02-23 21:20:08 - INFO: Распределение выживших
2025-02-23 21:20:09 - INFO: Using categorical units to plot a list of strings that are all parsable as floats or dates. If these strings should be plotted as numbers, cast to the appropriate data type before plotting.
2025-02-23 21:20:09 - INFO: Using categorical units to plot a list of strings that are all parsable as floats or dates. If these strings should be plotted as numbers, cast to the appropriate data type before plotting.
2025-02-23 21:20:09 - INFO: Распределение пассажиров по классу
2025-02-23 21:20:09 - INFO: Распределение пассажиров по половому признаку
2025-02-23 21:20:10 - INFO: Using categorical units to plot a list of strings that are all parsable as floats or dates. If these strings should be plotted as numbers, cast to the appropriate data type before plotting.
2025-02-23 21:20:10 - INFO: Using categorical units to plot a list of strings that are all parsable as floats or dates. If these strings should be plotted as numbers, cast to the appropriate data type before plotting.
2025-02-23 21:20:10 - INFO: Распределение пассажиров по попутчикам в разрезе братья, сестры, супруги (где 0 - это самостоятельно)
2025-02-23 21:20:10 - INFO: Using categorical units to plot a list of strings that are all parsable as floats or dates. If these strings should be plotted as numbers, cast to the appropriate data type before plotting.
2025-02-23 21:20:10 - INFO: Using categorical units to plot a list of strings that are all parsable as floats or dates. If these strings should be plotted as numbers, cast to the appropriate data type before plotting.
2025-02-23 21:20:10 - INFO: Распределение пассажиров по попутчикам в разрезе родители, дети (где 0 - это самостоятельно)
2025-02-23 21:20:11 - INFO: Распределение пассажиров по порту посадки
2025-02-23 21:20:12 - INFO: Распределение по возрасту
2025-02-23 21:20:12 - INFO: Распределение стоимости проезда
2025-02-23 21:20:13 - INFO: Using categorical units to plot a list of strings that are all parsable as floats or dates. If these strings should be plotted as numbers, cast to the appropriate data type before plotting.
2025-02-23 21:20:13 - INFO: Using categorical units to plot a list of strings that are all parsable as floats or dates. If these strings should be plotted as numbers, cast to the appropriate data type before plotting.
2025-02-23 21:20:13 - INFO: Распределение количества выживших пассажиров в зависимости от стоимости билета и класса обслуживания
2025-02-23 21:20:14 - INFO: Using categorical units to plot a list of strings that are all parsable as floats or dates. If these strings should be plotted as numbers, cast to the appropriate data type before plotting.
2025-02-23 21:20:14 - INFO: Using categorical units to plot a list of strings that are all parsable as floats or dates. If these strings should be plotted as numbers, cast to the appropriate data type before plotting.
2025-02-23 21:20:14 - INFO: Распределение количества выживших пассажиров в зависимости от стоимости билета и класса обслуживания
2025-02-23 21:20:19 - INFO: Кодирование категориальных признаков с использованием LabelEncoder
2025-02-23 21:20:23 - INFO: Меняем значение стоимости проезда, прибавив 1
2025-02-23 21:20:24 - INFO: Матрица корреляции
2025-02-23 21:20:25 - INFO: Разделение на признаки и целевую переменную
2025-02-23 21:20:26 - INFO: Определение базовых классификаторов и Определение мета-классификатора
2025-02-23 21:20:26 - INFO: Разделение данных на обучающую и тестовую выборки с сохранением пропорций классов
2025-02-23 21:20:27 - INFO: Создание StackingClassifier
2025-02-23 21:28:04 - INFO: 
Stacking Classifier Accuracy: 0.8169
2025-02-23 21:28:04 - INFO: Classification Report:
2025-02-23 21:28:04 - INFO:               precision    recall  f1-score   support

           0       0.82      0.88      0.85       175
           1       0.81      0.72      0.76       120

    accuracy                           0.82       295
   macro avg       0.81      0.80      0.81       295
weighted avg       0.82      0.82      0.82       295

2025-02-23 21:28:09 - INFO: Без перевзвешивания:
2025-02-23 21:28:09 - INFO: 
Stacking Classifier Accuracy: 0.8169
2025-02-23 21:28:09 - INFO: Classification Report:
2025-02-23 21:28:09 - INFO:               precision    recall  f1-score   support

           0       0.82      0.88      0.85       175
           1       0.81      0.72      0.76       120

    accuracy                           0.82       295
   macro avg       0.81      0.80      0.81       295
weighted avg       0.82      0.82      0.82       295

2025-02-23 21:28:12 - INFO: С оверсемплингом:
2025-02-23 21:28:12 - INFO: 
Stacking Classifier Accuracy: 0.8169
2025-02-23 21:28:12 - INFO: Classification Report:
2025-02-23 21:28:12 - INFO:               precision    recall  f1-score   support

           0       0.83      0.87      0.85       175
           1       0.79      0.74      0.77       120

    accuracy                           0.82       295
   macro avg       0.81      0.81      0.81       295
weighted avg       0.82      0.82      0.82       295

2025-02-23 21:28:13 - INFO: С андерсемплингом:
2025-02-23 21:28:13 - INFO: 
Stacking Classifier Accuracy: 0.8136
2025-02-23 21:28:13 - INFO: Classification Report:
2025-02-23 21:28:13 - INFO:               precision    recall  f1-score   support

           0       0.86      0.82      0.84       175
           1       0.75      0.81      0.78       120

    accuracy                           0.81       295
   macro avg       0.81      0.81      0.81       295
weighted avg       0.82      0.81      0.81       295

