2025-02-11 17:48:23,268 INFO Started
2025-02-11 17:48:34,549 INFO Чтение файла прошло успешно
2025-02-11 17:48:36,426 INFO Пропуски добавлены успешно
2025-02-11 17:48:45,913 INFO Пропуски заполнены средним значением по столбцу успешно
2025-02-11 17:48:56,047 INFO Пропуски заполнены медианным значением по столбцу успешно
2025-02-11 17:48:57,506 INFO Строки с пропусками удалены успешно
2025-02-11 17:48:57,999 ERROR Произошла ошибка: Метод должен быть 'mean', 'median', or 'delete'
Traceback (most recent call last):
  File "C:\Users\Mskaf\AppData\Local\Temp\ipykernel_16328\950126113.py", line 2, in <module>
    data_copy = data_analyze.set_missing_values(data_copy, data_copy.cases, '123') # строки с пропусками удаляем
               ^^^^^^^^^^^^^^^^^^^^^^^^^^^^^^^^^^^^^^^^^^^^^^^^^^^^^^^^^^^^^^^^^^
  File "C:\Users\Mskaf\data_science\hw2\data_analyze.py", line 27, in set_missing_values
    raise ValueError("Метод должен быть 'mean', 'median', or 'delete'")
ValueError: Метод должен быть 'mean', 'median', or 'delete'
2025-02-11 17:49:00,433 INFO Построение парных графиков при помощи sns отработало
2025-02-11 17:49:00,433 INFO Сохранение парных графиков
2025-02-11 17:49:00,767 INFO Построение гистограммы отработало
2025-02-11 17:49:00,767 INFO Сохранение гистограммы
2025-02-11 17:49:01,360 INFO Построение столбчатой диаграммы отработало
2025-02-11 17:49:01,360 INFO Сохранение столбчатой диаграммы
2025-02-11 17:49:04,400 INFO Построение диаграммы рассеивания отработало
2025-02-11 17:49:04,400 INFO Сохранение диаграммы рассеивания
2025-02-11 17:49:06,780 INFO Finished
