2025-02-16 09:59:59 - INFO: NumExpr defaulting to 8 threads.
2025-02-16 10:00:03 - INFO: Чтение файла прошло успешно
2025-02-16 10:00:04 - INFO: Инициализация подключения к базе данных
2025-02-16 10:00:04 - INFO: Подключено к базе данных: fires.db
2025-02-16 10:00:04 - INFO: Создание таблицы в базе данных
2025-02-16 10:00:04 - INFO: Таблица fires_incidents создана или уже существует.
2025-02-16 10:00:04 - INFO: Вставка данных в таблицу через executemany
2025-02-16 10:00:04 - INFO: Данные вставлены успешно
2025-02-16 10:00:05 - INFO: Получение всех данных из таблицы
2025-02-16 10:00:05 - INFO: Удаление данных из таблицы по условию
2025-02-16 10:00:05 - INFO: Получение всех данных из таблицы
2025-02-16 10:00:06 - INFO: Получение данных из таблицы по условию
2025-02-16 10:00:07 - INFO: Получение данных из таблицы по условию
2025-02-16 10:00:07 - INFO: Построение столбчатой диаграммы отработало
2025-02-16 10:00:07 - INFO: Сохранение столбчатой диаграммы
2025-02-16 10:00:08 - INFO: Using categorical units to plot a list of strings that are all parsable as floats or dates. If these strings should be plotted as numbers, cast to the appropriate data type before plotting.
2025-02-16 10:00:08 - INFO: Using categorical units to plot a list of strings that are all parsable as floats or dates. If these strings should be plotted as numbers, cast to the appropriate data type before plotting.
2025-02-16 10:00:08 - INFO: Построение линейного графика отработало
2025-02-16 10:00:08 - INFO: Сохранение линейного графика
2025-02-16 10:00:09 - INFO: Using categorical units to plot a list of strings that are all parsable as floats or dates. If these strings should be plotted as numbers, cast to the appropriate data type before plotting.
2025-02-16 10:00:09 - INFO: Using categorical units to plot a list of strings that are all parsable as floats or dates. If these strings should be plotted as numbers, cast to the appropriate data type before plotting.
2025-02-16 10:00:09 - INFO: Построение предполагаемого финансового ущерба отработало
2025-02-16 10:00:09 - INFO: Сохранение предполагаемого финансового ущерба
2025-02-16 10:00:21 - INFO: Построение столбчатой диаграммы отработало
2025-02-16 10:00:21 - INFO: Сохранение столбчатой диаграммы
2025-02-16 10:00:25 - INFO: Закрытие соединения с базой данных
2025-02-16 10:00:25 - INFO: Соединение с базой данных закрыто
